<?xml version="1.0" encoding="UTF-8"?>
<testsuite xmlns:xsi="http://www.w3.org/2001/XMLSchema-instance" xsi:noNamespaceSchemaLocation="https://maven.apache.org/surefire/maven-surefire-plugin/xsd/surefire-test-report.xsd" version="3.0.2" name="io.github.makbn.mediator.docker.handler.DockerClientServiceTest" time="0.099" tests="1" errors="0" skipped="0" failures="0">
  <properties>
[...]
</properties>
  <testcase name="testDockerClientService" classname="io.github.makbn.mediator.docker.handler.DockerClientServiceTest" time="0.093">
    <system-out><![CDATA[{"type":"object","id":"urn:jsonschema:io:github:makbn:mcp:mediator:docker:internal:dockerclientservice:updateswarmnodecmd","properties":{"swarmNodeId":{"type":"string"},"swarmNodeSpec":{"type":"object","id":"urn:jsonschema:com:github:dockerjava:api:model:SwarmNodeSpec","properties":{"rawValues":{"type":"object","additionalProperties":{"type":"object","id":"urn:jsonschema:java:lang:Object"}},"Name":{"type":"string"},"Role":{"type":"string","enum":["worker","manager"]},"Availability":{"type":"string","enum":["active","pause","drain"]},"Labels":{"type":"object","additionalProperties":{"type":"string"}}}}}}
]]></system-out>
  </testcase>
</testsuite>